2024-12-21 20:20:43,347 [WARNING] Using the latest cached version of the dataset since wanshenl/tpch couldn't be found on the Hugging Face Hub
2024-12-21 20:21:26,990 [WARNING] Using the latest cached version of the dataset since wanshenl/tpch couldn't be found on the Hugging Face Hub
2024-12-21 20:24:52,106 [WARNING] Using the latest cached version of the dataset since wanshenl/tpch couldn't be found on the Hugging Face Hub
2024-12-21 20:40:50,081 [INFO] Loaded and validated query plans from 'tpch10_data/train_query_plans.csv'.
2024-12-21 20:40:50,081 [INFO] DataFrame Shape: (16, 2)
2024-12-21 20:40:50,082 [INFO]    id                                               json
0   0  {"Plan": {"Node Type": "Sort", "Parallel Aware...
1   1  {"Plan": {"Node Type": "Aggregate", "Strategy"...
2   2  {"Plan": {"Node Type": "Aggregate", "Strategy"...
3   3  {"Plan": {"Node Type": "Limit", "Parallel Awar...
4   4  {"Plan": {"Node Type": "Limit", "Parallel Awar...
2024-12-21 20:40:50,093 [INFO] Loaded and validated query plans from 'tpch10_data/test_query_plans.csv'.
2024-12-21 20:40:50,093 [INFO] DataFrame Shape: (5, 2)
2024-12-21 20:40:50,093 [INFO]    id                                               json
0   0  {"Plan": {"Node Type": "Aggregate", "Strategy"...
1   1  {"Plan": {"Node Type": "Sort", "Parallel Aware...
2   2  {"Plan": {"Node Type": "Aggregate", "Strategy"...
3   3  {"Plan": {"Node Type": "Aggregate", "Strategy"...
4   4  {"Plan": {"Node Type": "Sort", "Parallel Aware...
2024-12-21 20:49:32,376 [INFO] Loaded and validated query plans from 'tpch10_data/train_query_plans.csv'.
2024-12-21 20:49:32,376 [INFO] DataFrame Shape: (16, 2)
2024-12-21 20:49:32,376 [INFO]    id                                               json
0   0  {"Plan": {"Node Type": "Sort", "Parallel Aware...
1   1  {"Plan": {"Node Type": "Aggregate", "Strategy"...
2   2  {"Plan": {"Node Type": "Aggregate", "Strategy"...
3   3  {"Plan": {"Node Type": "Limit", "Parallel Awar...
4   4  {"Plan": {"Node Type": "Limit", "Parallel Awar...
2024-12-21 20:49:32,387 [INFO] Loaded and validated query plans from 'tpch10_data/test_query_plans.csv'.
2024-12-21 20:49:32,387 [INFO] DataFrame Shape: (5, 2)
2024-12-21 20:49:32,387 [INFO]    id                                               json
0   0  {"Plan": {"Node Type": "Aggregate", "Strategy"...
1   1  {"Plan": {"Node Type": "Sort", "Parallel Aware...
2   2  {"Plan": {"Node Type": "Aggregate", "Strategy"...
3   3  {"Plan": {"Node Type": "Aggregate", "Strategy"...
4   4  {"Plan": {"Node Type": "Sort", "Parallel Aware...
